TN:
SF:run-tests.js
FN:62,(anonymous_0)
FN:74,(anonymous_1)
FN:80,(anonymous_2)
FN:85,(anonymous_3)
FNF:4
FNH:0
FNDA:0,(anonymous_0)
FNDA:0,(anonymous_1)
FNDA:0,(anonymous_2)
FNDA:0,(anonymous_3)
DA:14,0
DA:15,0
DA:18,0
DA:19,0
DA:20,0
DA:21,0
DA:22,0
DA:25,0
DA:27,0
DA:28,0
DA:31,0
DA:32,0
DA:35,0
DA:36,0
DA:39,0
DA:40,0
DA:44,0
DA:45,0
DA:46,0
DA:47,0
DA:48,0
DA:51,0
DA:62,0
DA:63,0
DA:64,0
DA:65,0
DA:66,0
DA:68,0
DA:69,0
DA:74,0
DA:75,0
DA:76,0
DA:80,0
DA:81,0
DA:82,0
DA:85,0
DA:86,0
DA:87,0
LF:38
LH:0
BRDA:27,0,0,0
BRDA:27,0,1,0
BRDA:31,1,0,0
BRDA:31,1,1,0
BRDA:35,2,0,0
BRDA:35,2,1,0
BRDA:39,3,0,0
BRDA:39,3,1,0
BRDA:46,4,0,0
BRDA:46,4,1,0
BRDA:46,5,0,0
BRDA:46,5,1,0
BRDA:46,6,0,0
BRDA:46,6,1,0
BRDA:46,7,0,0
BRDA:46,7,1,0
BRDA:64,8,0,0
BRDA:64,8,1,0
BRF:18
BRH:0
end_of_record
TN:
SF:config/cloudinary.js
FNF:0
FNH:0
DA:1,5
DA:3,5
DA:9,5
LF:3
LH:3
BRF:0
BRH:0
end_of_record
TN:
SF:controllers/admin_controller.js
FN:4,(anonymous_0)
FN:49,(anonymous_1)
FNF:2
FNH:0
FNDA:0,(anonymous_0)
FNDA:0,(anonymous_1)
DA:1,6
DA:2,6
DA:4,6
DA:5,0
DA:6,0
DA:9,0
DA:10,0
DA:11,0
DA:14,0
DA:25,0
DA:28,0
DA:35,0
DA:44,0
DA:45,0
DA:49,6
DA:50,0
DA:51,0
DA:52,0
DA:53,0
DA:56,0
DA:57,0
DA:59,0
DA:69,0
DA:74,6
LF:24
LH:5
BRDA:6,0,0,0
BRDA:6,1,0,0
BRDA:6,2,0,0
BRDA:14,3,0,0
BRDA:14,3,1,0
BRDA:57,4,0,0
BRDA:57,4,1,0
BRF:7
BRH:0
end_of_record
TN:
SF:controllers/auth_controller.js
FN:6,(anonymous_0)
FN:37,(anonymous_1)
FN:79,(anonymous_2)
FN:87,(anonymous_3)
FN:106,(anonymous_4)
FN:131,(anonymous_5)
FNF:6
FNH:6
FNDA:3,(anonymous_0)
FNDA:13,(anonymous_1)
FNDA:1,(anonymous_2)
FNDA:30,(anonymous_3)
FNDA:2,(anonymous_4)
FNDA:1,(anonymous_5)
DA:1,6
DA:2,6
DA:3,6
DA:6,6
DA:7,3
DA:9,3
DA:10,3
DA:11,3
DA:12,1
DA:17,2
DA:18,2
DA:23,1
DA:28,1
DA:29,1
DA:37,6
DA:38,13
DA:39,13
DA:41,13
DA:42,13
DA:43,13
DA:44,11
DA:49,2
DA:50,2
DA:51,1
DA:56,1
DA:62,1
DA:73,0
DA:74,0
DA:79,6
DA:80,1
DA:87,6
DA:88,30
DA:89,30
DA:90,2
DA:92,28
DA:93,28
DA:94,27
DA:95,27
DA:97,1
DA:98,0
DA:99,0
DA:101,1
DA:106,6
DA:107,2
DA:108,2
DA:110,2
DA:111,2
DA:116,2
DA:117,1
DA:119,1
DA:125,0
DA:126,0
DA:131,6
DA:132,1
DA:133,1
DA:134,1
DA:135,1
DA:137,0
DA:138,0
DA:142,6
LF:60
LH:52
BRDA:11,0,0,1
BRDA:11,0,1,2
BRDA:43,1,0,11
BRDA:43,1,1,2
BRDA:50,2,0,1
BRDA:50,2,1,1
BRDA:58,3,0,1
BRDA:58,3,1,0
BRDA:65,4,0,0
BRDA:65,4,1,1
BRDA:89,5,0,2
BRDA:89,5,1,28
BRDA:93,6,0,28
BRDA:93,6,1,0
BRDA:97,7,0,0
BRDA:97,7,1,1
BRDA:116,8,0,1
BRDA:116,8,1,1
BRDA:134,9,0,0
BRDA:134,9,1,1
BRF:20
BRH:15
end_of_record
TN:
SF:controllers/booking_controller.js
FN:5,(anonymous_0)
FN:53,(anonymous_1)
FN:71,(anonymous_2)
FN:123,(anonymous_3)
FN:125,(anonymous_4)
FN:143,(anonymous_5)
FNF:6
FNH:0
FNDA:0,(anonymous_0)
FNDA:0,(anonymous_1)
FNDA:0,(anonymous_2)
FNDA:0,(anonymous_3)
FNDA:0,(anonymous_4)
FNDA:0,(anonymous_5)
DA:1,6
DA:2,6
DA:5,6
DA:6,0
DA:20,0
DA:22,0
DA:24,0
DA:25,0
DA:27,0
DA:28,0
DA:30,0
DA:31,0
DA:35,0
DA:53,0
DA:61,0
DA:63,0
DA:65,0
DA:66,0
DA:71,6
DA:72,0
DA:73,0
DA:75,0
DA:78,0
DA:79,0
DA:80,0
DA:81,0
DA:85,0
DA:88,0
DA:89,0
DA:96,0
DA:123,0
DA:124,0
DA:125,0
DA:132,0
DA:135,0
DA:137,0
DA:138,0
DA:143,6
DA:144,0
DA:145,0
DA:147,0
DA:148,0
DA:149,0
DA:151,0
DA:152,0
DA:155,0
DA:156,0
DA:158,0
DA:159,0
DA:161,0
DA:163,0
DA:164,0
DA:169,6
LF:53
LH:6
BRDA:24,0,0,0
BRDA:24,0,1,0
BRDA:24,1,0,0
BRDA:24,1,1,0
BRDA:27,2,0,0
BRDA:27,2,1,0
BRDA:27,3,0,0
BRDA:27,3,1,0
BRDA:30,4,0,0
BRDA:30,4,1,0
BRDA:30,5,0,0
BRDA:30,5,1,0
BRDA:30,5,2,0
BRDA:40,6,0,0
BRDA:40,6,1,0
BRDA:43,7,0,0
BRDA:43,7,1,0
BRDA:44,8,0,0
BRDA:44,8,1,0
BRDA:45,9,0,0
BRDA:45,9,1,0
BRDA:46,10,0,0
BRDA:46,10,1,0
BRDA:48,11,0,0
BRDA:48,11,1,0
BRDA:78,12,0,0
BRDA:78,12,1,0
BRDA:78,13,0,0
BRDA:78,13,1,0
BRDA:80,14,0,0
BRDA:80,14,1,0
BRDA:81,15,0,0
BRDA:81,15,1,0
BRDA:85,16,0,0
BRDA:85,16,1,0
BRDA:88,17,0,0
BRDA:88,17,1,0
BRDA:129,18,0,0
BRDA:129,18,1,0
BRDA:151,19,0,0
BRDA:151,19,1,0
BRDA:152,20,0,0
BRDA:152,20,1,0
BRDA:156,21,0,0
BRDA:156,21,1,0
BRF:45
BRH:0
end_of_record
TN:
SF:controllers/cart_controller.js
FN:5,(anonymous_0)
FN:26,(anonymous_1)
FN:35,(anonymous_2)
FN:64,(anonymous_3)
FN:81,(anonymous_4)
FN:93,(anonymous_5)
FNF:6
FNH:0
FNDA:0,(anonymous_0)
FNDA:0,(anonymous_1)
FNDA:0,(anonymous_2)
FNDA:0,(anonymous_3)
FNDA:0,(anonymous_4)
FNDA:0,(anonymous_5)
DA:1,6
DA:2,6
DA:5,6
DA:6,0
DA:7,0
DA:14,0
DA:19,0
DA:20,0
DA:26,0
DA:28,0
DA:35,6
DA:36,0
DA:38,0
DA:39,0
DA:41,0
DA:42,0
DA:44,0
DA:46,0
DA:47,0
DA:48,0
DA:50,0
DA:60,0
DA:64,6
DA:65,0
DA:66,0
DA:68,0
DA:69,0
DA:71,0
DA:72,0
DA:74,0
DA:75,0
DA:77,0
DA:81,6
DA:82,0
DA:84,0
DA:85,0
DA:87,0
DA:89,0
DA:93,6
DA:94,0
DA:95,0
DA:97,0
DA:99,0
DA:102,6
LF:44
LH:8
BRDA:6,0,0,0
BRDA:6,0,1,0
BRDA:6,1,0,0
BRDA:6,1,1,0
BRDA:19,2,0,0
BRDA:19,2,1,0
BRDA:19,3,0,0
BRDA:19,3,1,0
BRDA:36,4,0,0
BRDA:39,5,0,0
BRDA:39,5,1,0
BRDA:46,6,0,0
BRDA:46,6,1,0
BRDA:66,7,0,0
BRDA:66,7,1,0
BRDA:69,8,0,0
BRDA:69,8,1,0
BRDA:72,9,0,0
BRDA:72,9,1,0
BRDA:85,10,0,0
BRDA:85,10,1,0
BRDA:95,11,0,0
BRDA:95,11,1,0
BRF:23
BRH:0
end_of_record
TN:
SF:controllers/invoice_controller.js
FN:6,(anonymous_0)
FN:45,(anonymous_1)
FN:79,(anonymous_2)
FN:124,(anonymous_3)
FN:147,(anonymous_4)
FN:172,(anonymous_5)
FN:205,(anonymous_6)
FN:250,(anonymous_7)
FNF:8
FNH:5
FNDA:1,(anonymous_0)
FNDA:2,(anonymous_1)
FNDA:1,(anonymous_2)
FNDA:2,(anonymous_3)
FNDA:0,(anonymous_4)
FNDA:2,(anonymous_5)
FNDA:0,(anonymous_6)
FNDA:0,(anonymous_7)
DA:1,6
DA:2,6
DA:3,6
DA:6,6
DA:7,1
DA:8,1
DA:9,1
DA:10,1
DA:12,1
DA:13,1
DA:15,1
DA:16,1
DA:18,1
DA:20,1
DA:31,1
DA:39,0
DA:40,0
DA:45,6
DA:46,2
DA:47,2
DA:62,2
DA:63,1
DA:67,1
DA:68,0
DA:71,1
DA:73,0
DA:74,0
DA:79,6
DA:80,1
DA:81,1
DA:84,1
DA:86,1
DA:105,1
DA:107,1
DA:111,1
DA:117,0
DA:118,0
DA:124,6
DA:125,2
DA:127,2
DA:129,2
DA:137,2
DA:138,1
DA:142,1
DA:144,0
DA:147,0
DA:151,0
DA:155,1
DA:159,1
DA:165,0
DA:166,0
DA:172,6
DA:173,2
DA:174,2
DA:177,2
DA:181,2
DA:182,1
DA:188,1
DA:193,0
DA:194,0
DA:205,6
DA:206,0
DA:207,0
DA:210,0
DA:219,0
DA:220,0
DA:227,0
DA:230,0
DA:233,0
DA:234,0
DA:235,0
DA:238,0
DA:239,0
DA:250,6
DA:251,0
DA:252,0
DA:255,0
DA:264,0
DA:265,0
DA:272,0
DA:275,0
DA:278,0
DA:280,0
DA:282,0
DA:283,0
DA:284,0
DA:287,0
DA:288,0
DA:289,0
DA:293,0
DA:294,0
DA:302,6
LF:92
LH:49
BRDA:8,0,0,1
BRDA:8,0,1,1
BRDA:9,1,0,1
BRDA:9,1,1,1
BRDA:15,2,0,0
BRDA:15,2,1,1
BRDA:16,3,0,0
BRDA:16,3,1,1
BRDA:62,4,0,1
BRDA:62,4,1,1
BRDA:67,5,0,0
BRDA:67,5,1,1
BRDA:67,6,0,1
BRDA:67,6,1,0
BRDA:84,7,0,1
BRDA:84,7,1,0
BRDA:87,8,0,1
BRDA:87,8,1,1
BRDA:91,9,0,1
BRDA:91,9,1,1
BRDA:92,10,0,1
BRDA:92,10,1,1
BRDA:93,11,0,1
BRDA:93,11,1,1
BRDA:94,12,0,1
BRDA:94,12,1,1
BRDA:95,13,0,1
BRDA:95,13,1,1
BRDA:96,14,0,1
BRDA:96,14,1,0
BRDA:98,15,0,1
BRDA:98,15,1,1
BRDA:99,16,0,1
BRDA:99,16,1,1
BRDA:102,17,0,1
BRDA:102,17,1,1
BRDA:137,18,0,1
BRDA:137,18,1,1
BRDA:142,19,0,0
BRDA:142,19,1,1
BRDA:142,20,0,1
BRDA:142,20,1,0
BRDA:181,21,0,1
BRDA:181,21,1,1
BRDA:219,22,0,0
BRDA:219,22,1,0
BRDA:264,23,0,0
BRDA:264,23,1,0
BRDA:280,24,0,0
BRDA:280,24,1,0
BRF:50
BRH:36
end_of_record
TN:
SF:controllers/order_controller.js
FN:5,(anonymous_0)
FN:51,(anonymous_1)
FN:76,(anonymous_2)
FN:93,(anonymous_3)
FN:138,(anonymous_4)
FNF:5
FNH:0
FNDA:0,(anonymous_0)
FNDA:0,(anonymous_1)
FNDA:0,(anonymous_2)
FNDA:0,(anonymous_3)
FNDA:0,(anonymous_4)
DA:1,6
DA:2,6
DA:5,6
DA:6,0
DA:7,0
DA:8,0
DA:9,0
DA:11,0
DA:12,0
DA:14,0
DA:15,0
DA:16,0
DA:17,0
DA:18,0
DA:19,0
DA:20,0
DA:22,0
DA:24,0
DA:26,0
DA:37,0
DA:45,0
DA:46,0
DA:51,6
DA:52,0
DA:53,0
DA:55,0
DA:66,0
DA:68,0
DA:70,0
DA:71,0
DA:76,6
DA:77,0
DA:78,0
DA:79,0
DA:82,0
DA:92,0
DA:94,0
DA:95,0
DA:107,0
DA:110,0
DA:111,0
DA:124,0
DA:125,0
DA:127,0
DA:130,0
DA:132,0
DA:133,0
DA:138,6
DA:139,0
DA:140,0
DA:141,0
DA:143,0
DA:144,0
DA:146,0
DA:147,0
DA:148,0
DA:150,0
DA:152,0
DA:160,0
DA:162,0
DA:163,0
DA:167,6
LF:62
LH:7
BRDA:7,0,0,0
BRDA:7,0,1,0
BRDA:8,1,0,0
BRDA:8,1,1,0
BRDA:14,2,0,0
BRDA:14,2,1,0
BRDA:15,3,0,0
BRDA:15,3,1,0
BRDA:22,4,0,0
BRDA:22,4,1,0
BRDA:66,5,0,0
BRDA:66,5,1,0
BRDA:87,6,0,0
BRDA:87,6,1,0
BRDA:99,7,0,0
BRDA:99,7,1,0
BRDA:144,8,0,0
BRDA:144,8,1,0
BRDA:146,9,0,0
BRDA:146,9,1,0
BRDA:147,10,0,0
BRDA:147,10,1,0
BRDA:148,11,0,0
BRDA:148,11,1,0
BRF:24
BRH:0
end_of_record
TN:
SF:controllers/product_controller.js
FN:6,(anonymous_0)
FN:23,(anonymous_1)
FN:32,(anonymous_2)
FN:54,(anonymous_3)
FN:74,(anonymous_4)
FN:93,(anonymous_5)
FN:115,(anonymous_6)
FN:133,(anonymous_7)
FN:196,(anonymous_8)
FN:209,(anonymous_9)
FN:240,(anonymous_10)
FN:262,(anonymous_11)
FNF:12
FNH:8
FNDA:6,(anonymous_0)
FNDA:0,(anonymous_1)
FNDA:0,(anonymous_2)
FNDA:1,(anonymous_3)
FNDA:2,(anonymous_4)
FNDA:1,(anonymous_5)
FNDA:2,(anonymous_6)
FNDA:2,(anonymous_7)
FNDA:0,(anonymous_8)
FNDA:0,(anonymous_9)
FNDA:2,(anonymous_10)
FNDA:1,(anonymous_11)
DA:1,6
DA:2,6
DA:3,6
DA:6,6
DA:7,6
DA:8,6
DA:11,6
DA:21,5
DA:22,5
DA:23,0
DA:24,0
DA:29,0
DA:30,0
DA:32,0
DA:38,0
DA:42,5
DA:46,1
DA:48,5
DA:49,5
DA:54,6
DA:55,1
DA:56,1
DA:66,1
DA:68,0
DA:69,0
DA:74,6
DA:75,2
DA:76,2
DA:85,2
DA:87,0
DA:88,0
DA:93,6
DA:94,1
DA:95,1
DA:96,1
DA:97,1
DA:98,0
DA:101,1
DA:107,1
DA:109,0
DA:110,0
DA:115,6
DA:116,2
DA:117,2
DA:118,2
DA:122,2
DA:123,1
DA:126,1
DA:128,0
DA:129,0
DA:133,6
DA:134,2
DA:136,2
DA:137,2
DA:140,2
DA:145,2
DA:146,1
DA:147,1
DA:151,1
DA:152,1
DA:153,3
DA:154,2
DA:155,2
DA:156,0
DA:158,2
DA:164,1
DA:165,1
DA:169,1
DA:170,0
DA:171,0
DA:172,0
DA:176,0
DA:181,0
DA:182,0
DA:183,0
DA:188,0
DA:195,1
DA:196,0
DA:197,0
DA:207,0
DA:209,0
DA:215,0
DA:219,1
DA:222,1
DA:226,1
DA:233,0
DA:234,0
DA:235,0
DA:240,6
DA:241,2
DA:242,2
DA:243,2
DA:245,2
DA:246,1
DA:248,1
DA:254,1
DA:256,0
DA:257,0
DA:262,6
DA:263,1
DA:264,1
DA:265,1
DA:267,1
DA:269,1
DA:275,1
DA:277,0
DA:278,0
DA:282,6
LF:108
LH:72
BRDA:16,0,0,6
BRDA:16,0,1,6
BRDA:22,1,0,0
BRDA:22,1,1,5
BRDA:22,2,0,5
BRDA:22,2,1,0
BRDA:97,3,0,0
BRDA:97,3,1,1
BRDA:97,4,0,1
BRDA:97,4,1,0
BRDA:122,5,0,1
BRDA:122,5,1,1
BRDA:145,6,0,1
BRDA:145,6,1,1
BRDA:153,7,0,1
BRDA:153,7,1,2
BRDA:154,8,0,2
BRDA:154,8,1,0
BRDA:155,9,0,0
BRDA:155,9,1,2
BRDA:156,10,0,0
BRDA:156,10,1,0
BRDA:164,11,0,1
BRDA:164,11,1,0
BRDA:169,12,0,0
BRDA:169,12,1,1
BRDA:171,13,0,0
BRDA:171,13,1,0
BRDA:182,14,0,0
BRDA:182,14,1,0
BRDA:195,15,0,0
BRDA:195,15,1,1
BRDA:195,16,0,1
BRDA:195,16,1,0
BRDA:235,17,0,0
BRDA:235,17,1,0
BRDA:245,18,0,1
BRDA:245,18,1,1
BRDA:246,19,0,0
BRDA:246,19,1,1
BRDA:267,20,0,0
BRDA:267,20,1,1
BRF:42
BRH:22
end_of_record
TN:
SF:controllers/queries_controller.js
FN:5,(anonymous_0)
FN:44,(anonymous_1)
FN:97,(anonymous_2)
FNF:3
FNH:0
FNDA:0,(anonymous_0)
FNDA:0,(anonymous_1)
FNDA:0,(anonymous_2)
DA:1,6
DA:2,6
DA:5,6
DA:6,0
DA:7,0
DA:8,0
DA:10,0
DA:11,0
DA:17,0
DA:19,0
DA:29,0
DA:35,0
DA:36,0
DA:44,6
DA:45,0
DA:46,0
DA:47,0
DA:48,0
DA:50,0
DA:52,0
DA:54,0
DA:55,0
DA:63,0
DA:65,0
DA:66,0
DA:67,0
DA:68,0
DA:69,0
DA:70,0
DA:73,0
DA:80,0
DA:88,0
DA:89,0
DA:97,6
DA:98,0
DA:99,0
DA:100,0
DA:102,0
DA:103,0
DA:106,0
DA:108,0
DA:109,0
DA:112,0
DA:113,0
DA:115,0
DA:121,0
DA:122,0
DA:129,6
LF:48
LH:6
BRDA:10,0,0,0
BRDA:10,0,1,0
BRDA:10,1,0,0
BRDA:10,1,1,0
BRDA:10,1,2,0
BRDA:46,2,0,0
BRDA:46,2,1,0
BRDA:47,3,0,0
BRDA:47,3,1,0
BRDA:50,4,0,0
BRDA:50,5,0,0
BRDA:50,6,0,0
BRDA:54,7,0,0
BRDA:54,7,1,0
BRDA:63,8,0,0
BRDA:63,8,1,0
BRDA:65,9,0,0
BRDA:65,9,1,0
BRDA:102,10,0,0
BRDA:102,10,1,0
BRDA:108,11,0,0
BRDA:108,11,1,0
BRF:22
BRH:0
end_of_record
TN:
SF:middleware/checkAdmin.js
FN:1,(anonymous_0)
FNF:1
FNH:1
FNDA:25,(anonymous_0)
DA:1,6
DA:4,25
DA:5,21
DA:7,4
DA:14,6
LF:5
LH:5
BRDA:4,0,0,21
BRDA:4,0,1,4
BRDA:4,1,0,25
BRDA:4,1,1,25
BRF:4
BRH:4
end_of_record
TN:
SF:middleware/errorHandler.js
FN:3,(anonymous_0)
FN:14,(anonymous_1)
FN:21,(anonymous_2)
FN:28,(anonymous_3)
FN:35,(anonymous_4)
FN:42,(anonymous_5)
FN:49,(anonymous_6)
FN:79,(anonymous_7)
FN:84,(anonymous_8)
FN:144,(anonymous_9)
FN:145,(anonymous_10)
FN:151,(anonymous_11)
FNF:12
FNH:6
FNDA:12,(anonymous_0)
FNDA:1,(anonymous_1)
FNDA:1,(anonymous_2)
FNDA:0,(anonymous_3)
FNDA:5,(anonymous_4)
FNDA:0,(anonymous_5)
FNDA:17,(anonymous_6)
FNDA:0,(anonymous_7)
FNDA:0,(anonymous_8)
FNDA:0,(anonymous_9)
FNDA:0,(anonymous_10)
FNDA:4,(anonymous_11)
DA:4,12
DA:5,12
DA:6,12
DA:7,12
DA:9,12
DA:15,1
DA:16,1
DA:22,1
DA:23,1
DA:29,0
DA:30,0
DA:36,5
DA:37,5
DA:43,0
DA:44,0
DA:49,6
DA:50,17
DA:51,17
DA:54,17
DA:55,17
DA:56,17
DA:57,17
DA:60,17
DA:78,17
DA:79,0
DA:80,0
DA:83,17
DA:84,0
DA:85,0
DA:88,17
DA:89,0
DA:92,17
DA:93,0
DA:97,17
DA:98,0
DA:101,17
DA:102,0
DA:106,17
DA:107,0
DA:110,17
DA:111,0
DA:114,17
DA:115,0
DA:119,17
DA:120,17
DA:123,17
DA:126,17
DA:140,17
DA:144,6
DA:145,0
DA:146,0
DA:151,6
DA:152,4
DA:153,4
DA:156,6
LF:55
LH:38
BRDA:3,0,0,12
BRDA:7,1,0,12
BRDA:7,1,1,0
BRDA:21,2,0,0
BRDA:28,3,0,0
BRDA:35,4,0,0
BRDA:65,5,0,17
BRDA:65,5,1,5
BRDA:72,6,0,17
BRDA:72,6,1,17
BRDA:78,7,0,0
BRDA:78,7,1,17
BRDA:83,8,0,0
BRDA:83,8,1,17
BRDA:88,9,0,0
BRDA:88,9,1,17
BRDA:92,10,0,0
BRDA:92,10,1,17
BRDA:97,11,0,0
BRDA:97,11,1,17
BRDA:101,12,0,0
BRDA:101,12,1,17
BRDA:106,13,0,0
BRDA:106,13,1,17
BRDA:110,14,0,0
BRDA:110,14,1,17
BRDA:114,15,0,0
BRDA:114,15,1,17
BRDA:119,16,0,17
BRDA:119,16,1,5
BRDA:120,17,0,17
BRDA:120,17,1,0
BRDA:129,18,0,17
BRDA:129,18,1,16
BRF:34
BRH:20
end_of_record
TN:
SF:middleware/security.js
FN:5,(anonymous_0)
FN:41,(anonymous_1)
FN:42,(anonymous_2)
FNF:3
FNH:3
FNDA:12,(anonymous_0)
FNDA:297,(anonymous_1)
FNDA:893,(anonymous_2)
DA:1,6
DA:2,6
DA:5,6
DA:6,12
DA:19,6
DA:22,6
DA:25,6
DA:41,6
DA:42,297
DA:43,893
DA:45,891
DA:46,78
DA:47,78
DA:49,70
DA:53,8
DA:54,2
DA:60,297
DA:61,297
DA:62,297
DA:63,297
DA:66,6
LF:21
LH:21
BRDA:11,0,0,12
BRDA:11,0,1,0
BRDA:33,1,0,6
BRDA:33,1,1,0
BRDA:43,2,0,2
BRDA:43,2,1,891
BRDA:43,3,0,893
BRDA:43,3,1,893
BRDA:46,4,0,78
BRDA:46,4,1,0
BRDA:47,5,0,70
BRDA:47,5,1,8
BRDA:53,6,0,2
BRDA:53,6,1,6
BRF:14
BRH:11
end_of_record
TN:
SF:models/booking-old.js
FN:90,(anonymous_0)
FNF:1
FNH:0
FNDA:0,(anonymous_0)
DA:1,0
DA:3,0
DA:21,0
DA:90,0
DA:91,0
DA:92,0
DA:93,0
DA:95,0
DA:98,0
LF:9
LH:0
BRDA:91,0,0,0
BRDA:91,0,1,0
BRF:2
BRH:0
end_of_record
TN:
SF:models/booking.js
FN:3,(anonymous_0)
FN:5,(anonymous_1)
FN:53,(anonymous_2)
FNF:3
FNH:0
FNDA:0,(anonymous_0)
FNDA:0,(anonymous_1)
FNDA:0,(anonymous_2)
DA:2,0
DA:3,0
DA:6,0
DA:10,0
DA:53,0
DA:54,0
DA:55,0
DA:58,0
LF:8
LH:0
BRF:0
BRH:0
end_of_record
TN:
SF:models/bookingitem.js
FN:3,(anonymous_0)
FN:5,(anonymous_1)
FNF:2
FNH:0
FNDA:0,(anonymous_0)
FNDA:0,(anonymous_1)
DA:2,0
DA:3,0
DA:7,0
DA:10,0
DA:14,0
DA:30,0
LF:6
LH:0
BRF:0
BRH:0
end_of_record
TN:
SF:models/cart-old.js
FN:35,(anonymous_0)
FN:37,(anonymous_1)
FNF:2
FNH:0
FNDA:0,(anonymous_0)
FNDA:0,(anonymous_1)
DA:2,0
DA:4,0
DA:21,0
DA:35,0
DA:36,0
DA:37,0
DA:38,0
DA:41,0
LF:8
LH:0
BRF:0
BRH:0
end_of_record
TN:
SF:models/cart.js
FN:3,(anonymous_0)
FN:5,(anonymous_1)
FNF:2
FNH:0
FNDA:0,(anonymous_0)
FNDA:0,(anonymous_1)
DA:2,0
DA:3,0
DA:6,0
DA:7,0
DA:11,0
DA:30,0
LF:6
LH:0
BRF:0
BRH:0
end_of_record
TN:
SF:models/cartitem.js
FN:3,(anonymous_0)
FN:5,(anonymous_1)
FNF:2
FNH:0
FNDA:0,(anonymous_0)
FNDA:0,(anonymous_1)
DA:2,0
DA:3,0
DA:6,0
DA:7,0
DA:11,0
DA:37,0
LF:6
LH:0
BRF:0
BRH:0
end_of_record
TN:
SF:models/index.js
FN:35,(anonymous_0)
FN:41,(anonymous_1)
FN:47,(anonymous_2)
FNF:3
FNH:0
FNDA:0,(anonymous_0)
FNDA:0,(anonymous_1)
FNDA:0,(anonymous_2)
DA:3,0
DA:4,0
DA:5,0
DA:6,0
DA:7,0
DA:8,0
DA:9,0
DA:13,0
DA:15,0
DA:28,0
DA:29,0
DA:33,0
DA:36,0
DA:42,0
DA:43,0
DA:47,0
DA:48,0
DA:49,0
DA:53,0
DA:54,0
DA:56,0
LF:21
LH:0
BRDA:8,0,0,0
BRDA:8,0,1,0
BRDA:13,1,0,0
BRDA:13,1,1,0
BRDA:24,2,0,0
BRDA:24,2,1,0
BRDA:36,3,0,0
BRDA:36,3,1,0
BRDA:36,3,2,0
BRDA:36,3,3,0
BRDA:48,4,0,0
BRDA:48,4,1,0
BRF:12
BRH:0
end_of_record
TN:
SF:models/invoice-old.js
FN:37,(anonymous_0)
FN:132,(anonymous_1)
FN:140,(anonymous_2)
FNF:3
FNH:0
FNDA:0,(anonymous_0)
FNDA:0,(anonymous_1)
FNDA:0,(anonymous_2)
DA:1,0
DA:2,0
DA:4,0
DA:32,0
DA:37,0
DA:132,0
DA:133,0
DA:134,0
DA:136,0
DA:140,0
DA:141,0
DA:142,0
DA:147,0
DA:148,0
DA:149,0
DA:150,0
DA:152,0
LF:17
LH:0
BRDA:133,0,0,0
BRDA:133,0,1,0
BRDA:141,1,0,0
BRDA:141,1,1,0
BRDA:141,2,0,0
BRDA:141,2,1,0
BRF:6
BRH:0
end_of_record
TN:
SF:models/invoice.js
FN:4,(anonymous_0)
FN:6,(anonymous_1)
FNF:2
FNH:0
FNDA:0,(anonymous_0)
FNDA:0,(anonymous_1)
DA:2,6
DA:4,6
DA:7,0
DA:8,0
DA:12,0
DA:42,0
LF:6
LH:2
BRF:0
BRH:0
end_of_record
TN:
SF:models/invoiceitem.js
FN:3,(anonymous_0)
FN:5,(anonymous_1)
FNF:2
FNH:0
FNDA:0,(anonymous_0)
FNDA:0,(anonymous_1)
DA:2,0
DA:3,0
DA:7,0
DA:10,0
DA:14,0
DA:25,0
LF:6
LH:0
BRF:0
BRH:0
end_of_record
TN:
SF:models/order-old.js
FN:85,(anonymous_0)
FNF:1
FNH:0
FNDA:0,(anonymous_0)
DA:1,0
DA:3,0
DA:21,0
DA:85,0
DA:86,0
DA:87,0
DA:88,0
DA:90,0
DA:93,0
LF:9
LH:0
BRDA:86,0,0,0
BRDA:86,0,1,0
BRF:2
BRH:0
end_of_record
TN:
SF:models/order.js
FN:3,(anonymous_0)
FN:5,(anonymous_1)
FNF:2
FNH:0
FNDA:0,(anonymous_0)
FNDA:0,(anonymous_1)
DA:2,6
DA:3,6
DA:6,0
DA:7,0
DA:8,0
DA:12,0
DA:45,0
LF:7
LH:2
BRF:0
BRH:0
end_of_record
TN:
SF:models/orderitem.js
FN:3,(anonymous_0)
FN:5,(anonymous_1)
FNF:2
FNH:0
FNDA:0,(anonymous_0)
FNDA:0,(anonymous_1)
DA:2,0
DA:3,0
DA:6,0
DA:7,0
DA:11,0
DA:36,0
LF:6
LH:0
BRF:0
BRH:0
end_of_record
TN:
SF:models/product-old.js
FNF:0
FNH:0
DA:1,0
DA:3,0
DA:14,0
LF:3
LH:0
BRF:0
BRH:0
end_of_record
TN:
SF:models/product.js
FN:3,(anonymous_0)
FN:5,(anonymous_1)
FN:14,(anonymous_2)
FNF:3
FNH:0
FNDA:0,(anonymous_0)
FNDA:0,(anonymous_1)
FNDA:0,(anonymous_2)
DA:2,0
DA:3,0
DA:6,0
DA:7,0
DA:8,0
DA:9,0
DA:10,0
DA:14,0
DA:15,0
DA:28,0
DA:30,0
DA:38,0
DA:77,0
LF:13
LH:0
BRDA:28,0,0,0
BRDA:28,0,1,0
BRDA:34,1,0,0
BRDA:34,1,1,0
BRF:4
BRH:0
end_of_record
TN:
SF:models/productimage.js
FN:4,(anonymous_0)
FN:6,(anonymous_1)
FNF:2
FNH:0
FNDA:0,(anonymous_0)
FNDA:0,(anonymous_1)
DA:2,0
DA:4,0
DA:7,0
DA:11,0
DA:25,0
LF:5
LH:0
BRF:0
BRH:0
end_of_record
TN:
SF:models/query-old.js
FNF:0
FNH:0
DA:1,0
DA:3,0
DA:17,0
LF:3
LH:0
BRF:0
BRH:0
end_of_record
TN:
SF:models/query.js
FN:3,(anonymous_0)
FN:5,(anonymous_1)
FNF:2
FNH:0
FNDA:0,(anonymous_0)
FNDA:0,(anonymous_1)
DA:2,0
DA:3,0
DA:7,0
DA:11,0
DA:32,0
LF:5
LH:0
BRF:0
BRH:0
end_of_record
TN:
SF:models/user-old.js
FNF:0
FNH:0
DA:1,0
DA:3,0
DA:16,0
LF:3
LH:0
BRF:0
BRH:0
end_of_record
TN:
SF:models/user.js
FN:3,(anonymous_0)
FN:5,(anonymous_1)
FNF:2
FNH:0
FNDA:0,(anonymous_0)
FNDA:0,(anonymous_1)
DA:2,0
DA:3,0
DA:6,0
DA:10,0
DA:31,0
LF:5
LH:0
BRF:0
BRH:0
end_of_record
TN:
SF:routes/admin_routes.js
FNF:0
FNH:0
DA:1,6
DA:2,6
DA:3,6
DA:5,6
DA:6,6
DA:8,6
LF:6
LH:6
BRF:0
BRH:0
end_of_record
TN:
SF:routes/booking_routes.js
FNF:0
FNH:0
DA:1,6
DA:2,6
DA:3,6
DA:4,6
DA:5,6
DA:6,6
DA:7,6
DA:8,6
DA:10,6
LF:9
LH:9
BRF:0
BRH:0
end_of_record
TN:
SF:routes/cart_routes.js
FNF:0
FNH:0
DA:2,6
DA:3,6
DA:4,6
DA:8,6
DA:9,6
DA:10,6
DA:11,6
DA:12,6
DA:14,6
LF:9
LH:9
BRF:0
BRH:0
end_of_record
TN:
SF:routes/invoice_routes.js
FN:25,(anonymous_0)
FN:64,(anonymous_1)
FN:90,(anonymous_2)
FNF:3
FNH:0
FNDA:0,(anonymous_0)
FNDA:0,(anonymous_1)
FNDA:0,(anonymous_2)
DA:1,6
DA:2,6
DA:3,6
DA:4,6
DA:5,6
DA:7,6
DA:10,6
DA:13,6
DA:16,6
DA:19,6
DA:22,6
DA:25,6
DA:26,0
DA:27,0
DA:29,0
DA:30,0
DA:36,0
DA:37,0
DA:38,0
DA:41,0
DA:43,0
DA:49,0
DA:50,0
DA:58,6
DA:61,6
DA:64,6
DA:65,0
DA:66,0
DA:68,0
DA:69,0
DA:75,0
DA:76,0
DA:83,0
DA:90,0
DA:105,0
DA:106,0
DA:109,0
DA:110,0
DA:112,0
DA:114,0
DA:120,0
DA:121,0
DA:128,6
LF:43
LH:16
BRDA:29,0,0,0
BRDA:29,0,1,0
BRDA:68,1,0,0
BRDA:68,1,1,0
BRDA:75,2,0,0
BRDA:75,2,1,0
BRF:6
BRH:0
end_of_record
TN:
SF:routes/order_routes.js
FNF:0
FNH:0
DA:1,6
DA:2,6
DA:4,6
DA:8,6
DA:9,6
DA:10,6
DA:11,6
DA:14,6
LF:8
LH:8
BRF:0
BRH:0
end_of_record
TN:
SF:routes/product_routes.js
FNF:0
FNH:0
DA:1,6
DA:2,6
DA:3,6
DA:13,6
DA:14,6
DA:15,6
DA:18,6
DA:19,6
DA:21,6
DA:22,6
DA:23,6
DA:24,6
DA:25,6
DA:26,6
DA:27,6
DA:28,6
DA:30,6
LF:17
LH:17
BRF:0
BRH:0
end_of_record
TN:
SF:routes/query_routes.js
FNF:0
FNH:0
DA:1,6
DA:3,6
DA:4,6
DA:5,6
DA:7,6
DA:9,6
DA:10,6
DA:11,6
DA:13,6
LF:9
LH:9
BRF:0
BRH:0
end_of_record
TN:
SF:routes/user_routes.js
FNF:0
FNH:0
DA:1,6
DA:2,6
DA:3,6
DA:5,6
DA:6,6
DA:7,6
DA:8,6
DA:9,6
DA:12,6
LF:9
LH:9
BRF:0
BRH:0
end_of_record
TN:
SF:utils/generate_invoice_number.js
FN:3,generateInvoiceNumber
FNF:1
FNH:0
FNDA:0,generateInvoiceNumber
DA:1,0
DA:4,0
DA:7,0
LF:3
LH:0
BRF:0
BRH:0
end_of_record
TN:
SF:utils/generate_token.js
FN:4,(anonymous_0)
FNF:1
FNH:0
FNDA:0,(anonymous_0)
DA:1,0
DA:2,0
DA:4,0
DA:5,0
DA:6,0
DA:9,0
DA:10,0
DA:13,0
LF:8
LH:0
BRF:0
BRH:0
end_of_record
TN:
SF:utils/invoicePDFService.js
FN:5,(anonymous_0)
FN:13,(anonymous_1)
FN:282,(anonymous_2)
FN:330,(anonymous_3)
FN:347,(anonymous_4)
FN:364,(anonymous_5)
FN:379,(anonymous_6)
FN:391,(anonymous_7)
FN:405,(anonymous_8)
FN:419,(anonymous_9)
FNF:10
FNH:0
FNDA:0,(anonymous_0)
FNDA:0,(anonymous_1)
FNDA:0,(anonymous_2)
FNDA:0,(anonymous_3)
FNDA:0,(anonymous_4)
FNDA:0,(anonymous_5)
FNDA:0,(anonymous_6)
FNDA:0,(anonymous_7)
FNDA:0,(anonymous_8)
FNDA:0,(anonymous_9)
DA:1,0
DA:2,0
DA:6,0
DA:7,0
DA:14,0
DA:15,0
DA:17,0
DA:282,0
DA:331,0
DA:332,0
DA:333,0
DA:334,0
DA:337,0
DA:339,0
DA:340,0
DA:348,0
DA:349,0
DA:350,0
DA:351,0
DA:354,0
DA:356,0
DA:357,0
DA:366,0
DA:373,0
DA:380,0
DA:385,0
DA:392,0
DA:399,0
DA:406,0
DA:413,0
DA:423,0
DA:426,0
DA:432,0
DA:437,0
LF:34
LH:0
BRDA:253,0,0,0
BRDA:253,0,1,0
BRDA:257,1,0,0
BRDA:257,1,1,0
BRDA:261,2,0,0
BRDA:261,2,1,0
BRDA:265,3,0,0
BRDA:265,3,1,0
BRDA:285,4,0,0
BRDA:285,4,1,0
BRDA:301,5,0,0
BRDA:301,5,1,0
BRDA:332,6,0,0
BRDA:332,6,1,0
BRDA:349,7,0,0
BRDA:349,7,1,0
BRDA:399,8,0,0
BRDA:399,8,1,0
BRDA:413,9,0,0
BRDA:413,9,1,0
BRDA:419,10,0,0
BRF:21
BRH:0
end_of_record
TN:
SF:utils/logger.js
FN:3,(anonymous_0)
FN:12,(anonymous_1)
FN:21,(anonymous_2)
FN:30,(anonymous_3)
FN:42,(anonymous_4)
FN:61,(anonymous_5)
FN:70,(anonymous_6)
FN:79,(anonymous_7)
FNF:8
FNH:0
FNDA:0,(anonymous_0)
FNDA:0,(anonymous_1)
FNDA:0,(anonymous_2)
FNDA:0,(anonymous_3)
FNDA:0,(anonymous_4)
FNDA:0,(anonymous_5)
FNDA:0,(anonymous_6)
FNDA:0,(anonymous_7)
DA:2,0
DA:4,0
DA:5,0
DA:6,0
DA:8,0
DA:13,0
DA:14,0
DA:15,0
DA:17,0
DA:22,0
DA:23,0
DA:24,0
DA:26,0
DA:31,0
DA:32,0
DA:33,0
DA:34,0
DA:36,0
DA:43,0
DA:53,0
DA:54,0
DA:56,0
DA:62,0
DA:63,0
DA:64,0
DA:66,0
DA:71,0
DA:72,0
DA:73,0
DA:75,0
DA:80,0
DA:84,0
LF:32
LH:0
BRDA:3,0,0,0
BRDA:5,1,0,0
BRDA:5,1,1,0
BRDA:12,2,0,0
BRDA:14,3,0,0
BRDA:14,3,1,0
BRDA:21,4,0,0
BRDA:23,5,0,0
BRDA:23,5,1,0
BRDA:30,6,0,0
BRDA:31,7,0,0
BRDA:31,7,1,0
BRDA:33,8,0,0
BRDA:33,8,1,0
BRDA:50,9,0,0
BRDA:50,9,1,0
BRDA:53,10,0,0
BRDA:53,10,1,0
BRDA:61,11,0,0
BRDA:62,12,0,0
BRDA:62,12,1,0
BRDA:70,13,0,0
BRDA:70,14,0,0
BRDA:71,15,0,0
BRDA:71,15,1,0
BRDA:79,16,0,0
BRF:26
BRH:0
end_of_record
